c:\users\dotlaptop\documents\visual studio 2015\projects\project1\project1\debug\vc140.pdb
c:\users\dotlaptop\documents\visual studio 2015\projects\project1\project1\debug\vc140.idb
c:\users\dotlaptop\documents\visual studio 2015\projects\project1\project1\debug\fprintf.obj
c:\users\dotlaptop\documents\visual studio 2015\projects\project1\project1\debug\bitwiseand.obj
c:\users\dotlaptop\documents\visual studio 2015\projects\project1\project1\debug\scanf2.obj
c:\users\dotlaptop\documents\visual studio 2015\projects\project1\project1\debug\test.obj
c:\users\dotlaptop\documents\visual studio 2015\projects\project1\project1\debug\main.obj
c:\users\dotlaptop\documents\visual studio 2015\projects\project1\project1\debug\if.obj
c:\users\dotlaptop\documents\visual studio 2015\projects\project1\project1\debug\ifelse.obj
c:\users\dotlaptop\documents\visual studio 2015\projects\project1\project1\debug\switchcase.obj
c:\users\dotlaptop\documents\visual studio 2015\projects\project1\project1\debug\template.obj
c:\users\dotlaptop\documents\visual studio 2015\projects\project1\project1\debug\loops.obj
c:\users\dotlaptop\documents\visual studio 2015\projects\project1\project1\debug\blackjack.obj
c:\users\dotlaptop\documents\visual studio 2015\projects\project1\project1\debug\dowhileloop.obj
c:\users\dotlaptop\documents\visual studio 2015\projects\project1\project1\debug\dowhileloop2.obj
c:\users\dotlaptop\documents\visual studio 2015\projects\project1\project1\debug\loopcontinue.obj
c:\users\dotlaptop\documents\visual studio 2015\projects\project1\debug\project1.ilk
c:\users\dotlaptop\documents\visual studio 2015\projects\project1\debug\project1.exe
c:\users\dotlaptop\documents\visual studio 2015\projects\project1\debug\project1.pdb
c:\users\dotlaptop\documents\visual studio 2015\projects\project1\project1\debug\project1.tlog\cl.command.1.tlog
c:\users\dotlaptop\documents\visual studio 2015\projects\project1\project1\debug\project1.tlog\cl.read.1.tlog
c:\users\dotlaptop\documents\visual studio 2015\projects\project1\project1\debug\project1.tlog\cl.write.1.tlog
c:\users\dotlaptop\documents\visual studio 2015\projects\project1\project1\debug\project1.tlog\link.command.1.tlog
c:\users\dotlaptop\documents\visual studio 2015\projects\project1\project1\debug\project1.tlog\link.read.1.tlog
c:\users\dotlaptop\documents\visual studio 2015\projects\project1\project1\debug\project1.tlog\link.write.1.tlog
